0 info it worked if it ends with ok
1 verbose cli [ '/usr/local/bin/node',
1 verbose cli   '/usr/local/bin/npm',
1 verbose cli   'run',
1 verbose cli   'build_for_node' ]
2 info using npm@3.10.8
3 info using node@v6.9.1
4 verbose run-script [ 'prebuild_for_node', 'build_for_node', 'postbuild_for_node' ]
5 info lifecycle profileUpdates@1.0.0~prebuild_for_node: profileUpdates@1.0.0
6 silly lifecycle profileUpdates@1.0.0~prebuild_for_node: no script for prebuild_for_node, continuing
7 info lifecycle profileUpdates@1.0.0~build_for_node: profileUpdates@1.0.0
8 verbose lifecycle profileUpdates@1.0.0~build_for_node: unsafe-perm in lifecycle true
9 verbose lifecycle profileUpdates@1.0.0~build_for_node: PATH: /usr/local/lib/node_modules/npm/bin/node-gyp-bin:/Users/bryanschauerte/noSync/programming/react/profileUpdates/node_modules/.bin:/usr/local/bin:/usr/bin:/bin:/usr/sbin:/sbin
10 verbose lifecycle profileUpdates@1.0.0~build_for_node: CWD: /Users/bryanschauerte/noSync/programming/react/profileUpdates
11 silly lifecycle profileUpdates@1.0.0~build_for_node: Args: [ '-c',
11 silly lifecycle   'NODE_ENV=prod gulp && jspm bundle-sfx app/main.js server/assets/app.js --minify' ]
12 silly lifecycle profileUpdates@1.0.0~build_for_node: Returned: code: 1  signal: null
13 info lifecycle profileUpdates@1.0.0~build_for_node: Failed to exec build_for_node script
14 verbose stack Error: profileUpdates@1.0.0 build_for_node: `NODE_ENV=prod gulp && jspm bundle-sfx app/main.js server/assets/app.js --minify`
14 verbose stack Exit status 1
14 verbose stack     at EventEmitter.<anonymous> (/usr/local/lib/node_modules/npm/lib/utils/lifecycle.js:255:16)
14 verbose stack     at emitTwo (events.js:106:13)
14 verbose stack     at EventEmitter.emit (events.js:191:7)
14 verbose stack     at ChildProcess.<anonymous> (/usr/local/lib/node_modules/npm/lib/utils/spawn.js:40:14)
14 verbose stack     at emitTwo (events.js:106:13)
14 verbose stack     at ChildProcess.emit (events.js:191:7)
14 verbose stack     at maybeClose (internal/child_process.js:877:16)
14 verbose stack     at Process.ChildProcess._handle.onexit (internal/child_process.js:226:5)
15 verbose pkgid profileUpdates@1.0.0
16 verbose cwd /Users/bryanschauerte/noSync/programming/react/profileUpdates/server
17 error Darwin 16.1.0
18 error argv "/usr/local/bin/node" "/usr/local/bin/npm" "run" "build_for_node"
19 error node v6.9.1
20 error npm  v3.10.8
21 error code ELIFECYCLE
22 error profileUpdates@1.0.0 build_for_node: `NODE_ENV=prod gulp && jspm bundle-sfx app/main.js server/assets/app.js --minify`
22 error Exit status 1
23 error Failed at the profileUpdates@1.0.0 build_for_node script 'NODE_ENV=prod gulp && jspm bundle-sfx app/main.js server/assets/app.js --minify'.
23 error Make sure you have the latest version of node.js and npm installed.
23 error If you do, this is most likely a problem with the profileUpdates package,
23 error not with npm itself.
23 error Tell the author that this fails on your system:
23 error     NODE_ENV=prod gulp && jspm bundle-sfx app/main.js server/assets/app.js --minify
23 error You can get information on how to open an issue for this project with:
23 error     npm bugs profileUpdates
23 error Or if that isn't available, you can get their info via:
23 error     npm owner ls profileUpdates
23 error There is likely additional logging output above.
24 verbose exit [ 1, true ]
